#-----------------------------------------------------------
# xsim v2016.4 (64-bit)
# SW Build 1756540 on Mon Jan 23 19:11:19 MST 2017
# IP Build 1755317 on Mon Jan 23 20:30:07 MST 2017
# Start of session at: Thu Jun  8 19:36:00 2017
# Process ID: 26308
# Current directory: /home/tansei/hardware/week8
# Command line: xsim -mode tcl -source {xsim.dir/test_fadd.sim/xsim_script.tcl}
# Log file: /home/tansei/hardware/week8/xsim.log
# Journal file: /home/tansei/hardware/week8/xsim.jou
#-----------------------------------------------------------
source xsim.dir/test_fadd.sim/xsim_script.tcl
# xsim {test_fadd.sim} -autoloadwcfg -runall
Vivado Simulator 2016.4
Time resolution is 100 ps
run -all
$finish called at time : 33601352 ns : File "/home/tansei/hardware/week8/test_fadd.sv" Line 141
run: Time (s): cpu = 00:00:00.03 ; elapsed = 00:01:01 . Memory (MB): peak = 966.312 ; gain = 0.000 ; free physical = 3016 ; free virtual = 28888
exit
INFO: [Common 17-206] Exiting xsim at Thu Jun  8 19:37:07 2017...
