#-----------------------------------------------------------
# xsim v2016.4 (64-bit)
# SW Build 1756540 on Mon Jan 23 19:11:19 MST 2017
# IP Build 1755317 on Mon Jan 23 20:30:07 MST 2017
# Start of session at: Thu Jun  8 19:20:47 2017
# Process ID: 25282
# Current directory: /home/tansei/hardware/week8
# Command line: xsim -mode tcl -source {xsim.dir/test_fadd.sim/xsim_script.tcl}
# Log file: /home/tansei/hardware/week8/xsim.log
# Journal file: /home/tansei/hardware/week8/xsim.jou
#-----------------------------------------------------------
source xsim.dir/test_fadd.sim/xsim_script.tcl
# xsim {test_fadd.sim} -autoloadwcfg -runall
Vivado Simulator 2016.4
Time resolution is 100 ps
run -all
x1 = 01111111100000000000000000000001

x2 = 01111111100000000000000000000001

nan 01111111110000000000000000000001

-nan 11111111110000000000000000000001

x1 = 01111111100000000000000000000001

x2 = 01111111100000000000000000000010

nan 01111111110000000000000000000010

-nan 11111111110000000000000000000001

x1 = 01111111100000000000000000000001

x2 = 01111111101110000000000000000000

nan 01111111111110000000000000000000

-nan 11111111110000000000000000000001

x1 = 01111111100000000000000000000001

x2 = 01111111110000000000000000000000

nan 01111111110000000000000000000000

-nan 11111111110000000000000000000001

x1 = 01111111100000000000000000000001

x2 = 01111111110111111111111111111111

nan 01111111110111111111111111111111

-nan 11111111110000000000000000000001

x1 = 01111111100000000000000000000001

x2 = 01111111111111111111111111111111

nan 01111111111111111111111111111111

-nan 11111111110000000000000000000001

x1 = 01111111100000000000000000000001

x2 = 01111111101000111011001110001010

nan 01111111111000111011001110001010

-nan 11111111110000000000000000000001

x1 = 01111111100000000000000000000010

x2 = 01111111100000000000000000000001

nan 01111111110000000000000000000001

-nan 11111111110000000000000000000001

x1 = 01111111100000000000000000000010

x2 = 01111111100000000000000000000010

nan 01111111110000000000000000000010

-nan 11111111110000000000000000000010

x1 = 01111111100000000000000000000010

x2 = 01111111101110000000000000000000

nan 01111111111110000000000000000000

-nan 11111111110000000000000000000010

x1 = 01111111100000000000000000000010

x2 = 01111111110000000000000000000000

nan 01111111110000000000000000000000

-nan 11111111110000000000000000000010

x1 = 01111111100000000000000000000010

x2 = 01111111110111111111111111111111

nan 01111111110111111111111111111111

-nan 11111111110000000000000000000010

x1 = 01111111100000000000000000000010

x2 = 01111111111111111111111111111111

nan 01111111111111111111111111111111

-nan 11111111110000000000000000000010

x1 = 01111111100000000000000000000010

x2 = 01111111101111101000100000000011

nan 01111111111111101000100000000011

-nan 11111111110000000000000000000010

x1 = 01111111101110000000000000000000

x2 = 01111111100000000000000000000001

nan 01111111110000000000000000000001

-nan 11111111110000000000000000000001

x1 = 01111111101110000000000000000000

x2 = 01111111100000000000000000000010

nan 01111111110000000000000000000010

-nan 11111111110000000000000000000010

x1 = 01111111101110000000000000000000

x2 = 01111111101110000000000000000000

nan 01111111111110000000000000000000

-nan 11111111111110000000000000000000

x1 = 01111111101110000000000000000000

x2 = 01111111110000000000000000000000

nan 01111111110000000000000000000000

-nan 11111111111110000000000000000000

x1 = 01111111101110000000000000000000

x2 = 01111111110111111111111111111111

nan 01111111110111111111111111111111

-nan 11111111111110000000000000000000

x1 = 01111111101110000000000000000000

x2 = 01111111111111111111111111111111

nan 01111111111111111111111111111111

-nan 11111111111110000000000000000000

x1 = 01111111101110000000000000000000

x2 = 01111111101111011000101110001110

nan 01111111111111011000101110001110

-nan 11111111111110000000000000000000

x1 = 01111111110000000000000000000000

x2 = 01111111100000000000000000000001

nan 01111111110000000000000000000001

-nan 11111111110000000000000000000001

x1 = 01111111110000000000000000000000

x2 = 01111111100000000000000000000010

nan 01111111110000000000000000000010

-nan 11111111110000000000000000000010

x1 = 01111111110000000000000000000000

x2 = 01111111101110000000000000000000

nan 01111111111110000000000000000000

-nan 11111111111110000000000000000000

x1 = 01111111110000000000000000000000

x2 = 01111111110000000000000000000000

nan 01111111110000000000000000000000

-nan 11111111110000000000000000000000

x1 = 01111111110000000000000000000000

x2 = 01111111110111111111111111111111

nan 01111111110111111111111111111111

-nan 11111111110000000000000000000000

x1 = 01111111110000000000000000000000

x2 = 01111111111111111111111111111111

nan 01111111111111111111111111111111

-nan 11111111110000000000000000000000

x1 = 01111111110000000000000000000000

x2 = 01111111101011010100100000100000

nan 01111111111011010100100000100000

-nan 11111111111011010100100000100000

x1 = 01111111110111111111111111111111

x2 = 01111111100000000000000000000001

nan 01111111110000000000000000000001

-nan 11111111110000000000000000000001

x1 = 01111111110111111111111111111111

x2 = 01111111100000000000000000000010

nan 01111111110000000000000000000010

-nan 11111111110000000000000000000010

x1 = 01111111110111111111111111111111

x2 = 01111111101110000000000000000000

nan 01111111111110000000000000000000

-nan 11111111111110000000000000000000

x1 = 01111111110111111111111111111111

x2 = 01111111110000000000000000000000

nan 01111111110000000000000000000000

-nan 11111111110000000000000000000000

x1 = 01111111110111111111111111111111

x2 = 01111111110111111111111111111111

nan 01111111110111111111111111111111

-nan 11111111110111111111111111111111

x1 = 01111111110111111111111111111111

x2 = 01111111111111111111111111111111

nan 01111111111111111111111111111111

-nan 11111111110111111111111111111111

x1 = 01111111110111111111111111111111

x2 = 01111111100011000111111110101001

nan 01111111110011000111111110101001

-nan 11111111110011000111111110101001

x1 = 01111111111111111111111111111111

x2 = 01111111100000000000000000000001

nan 01111111110000000000000000000001

-nan 11111111110000000000000000000001

x1 = 01111111111111111111111111111111

x2 = 01111111100000000000000000000010

nan 01111111110000000000000000000010

-nan 11111111110000000000000000000010

x1 = 01111111111111111111111111111111

x2 = 01111111101110000000000000000000

nan 01111111111110000000000000000000

-nan 11111111111110000000000000000000

x1 = 01111111111111111111111111111111

x2 = 01111111110000000000000000000000

nan 01111111110000000000000000000000

-nan 11111111110000000000000000000000

x1 = 01111111111111111111111111111111

x2 = 01111111110111111111111111111111

nan 01111111110111111111111111111111

-nan 11111111110111111111111111111111

x1 = 01111111111111111111111111111111

x2 = 01111111111111111111111111111111

nan 01111111111111111111111111111111

-nan 11111111111111111111111111111111

x1 = 01111111111111111111111111111111

x2 = 01111111101001110010011010001011

nan 01111111111001110010011010001011

-nan 11111111111001110010011010001011

x1 = 01111111100000101010000001011111

x2 = 01111111100000000000000000000001

nan 01111111110000000000000000000001

-nan 11111111110000000000000000000001

x1 = 01111111100111100101011111010111

x2 = 01111111100000000000000000000010

nan 01111111110000000000000000000010

-nan 11111111110000000000000000000010

x1 = 01111111100110011001100001010011

x2 = 01111111101110000000000000000000

nan 01111111111110000000000000000000

-nan 11111111110110011001100001010011

x1 = 01111111100011100110101101101110

x2 = 01111111110000000000000000000000

nan 01111111110000000000000000000000

-nan 11111111110011100110101101101110

x1 = 01111111101011101010100011110001

x2 = 01111111110111111111111111111111

nan 01111111110111111111111111111111

-nan 11111111111011101010100011110001

x1 = 01111111101000101100110000010011

x2 = 01111111111111111111111111111111

nan 01111111111111111111111111111111

-nan 11111111111000101100110000010011

x1 = 01111111100011010001111110001110

x2 = 01111111101010101001011000011101

nan 01111111111010101001011000011101

-nan 11111111110011010001111110001110

x1 = 01111111100000000000000000000000

x2 = 11111111100000000000000000000000

-nan 11111111110000000000000000000000

nan 01111111110000000000000000000000

x1 = 01111111100000000000000000000001

x2 = 11111111100000000000000000000010

-nan 11111111110000000000000000000010

-nan 11111111110000000000000000000001

x1 = 01111111100000000000000000000001

x2 = 11111111101110000000000000000000

-nan 11111111111110000000000000000000

-nan 11111111110000000000000000000001

x1 = 01111111100000000000000000000001

x2 = 11111111110000000000000000000000

-nan 11111111110000000000000000000000

-nan 11111111110000000000000000000001

x1 = 01111111100000000000000000000001

x2 = 11111111110111111111111111111111

-nan 11111111110111111111111111111111

-nan 11111111110000000000000000000001

x1 = 01111111100000000000000000000001

x2 = 11111111111111111111111111111111

-nan 11111111111111111111111111111111

-nan 11111111110000000000000000000001

x1 = 01111111100000000000000000000001

x2 = 11111111101010101001100111001011

-nan 11111111111010101001100111001011

-nan 11111111110000000000000000000001

x1 = 01111111100000000000000000000010

x2 = 11111111101110000000000000000000

-nan 11111111111110000000000000000000

-nan 11111111110000000000000000000010

x1 = 01111111100000000000000000000010

x2 = 11111111110000000000000000000000

-nan 11111111110000000000000000000000

-nan 11111111110000000000000000000010

x1 = 01111111100000000000000000000010

x2 = 11111111110111111111111111111111

-nan 11111111110111111111111111111111

-nan 11111111110000000000000000000010

x1 = 01111111100000000000000000000010

x2 = 11111111111111111111111111111111

-nan 11111111111111111111111111111111

-nan 11111111110000000000000000000010

x1 = 01111111100000000000000000000010

x2 = 11111111101101110001000100011111

-nan 11111111111101110001000100011111

-nan 11111111110000000000000000000010

x1 = 01111111101110000000000000000000

x2 = 11111111110000000000000000000000

-nan 11111111110000000000000000000000

-nan 11111111111110000000000000000000

x1 = 01111111101110000000000000000000

x2 = 11111111110111111111111111111111

-nan 11111111110111111111111111111111

-nan 11111111111110000000000000000000

x1 = 01111111101110000000000000000000

x2 = 11111111111111111111111111111111

-nan 11111111111111111111111111111111

-nan 11111111111110000000000000000000

x1 = 01111111110000000000000000000000

x2 = 11111111110111111111111111111111

-nan 11111111110111111111111111111111

-nan 11111111110000000000000000000000

x1 = 01111111110000000000000000000000

x2 = 11111111111111111111111111111111

-nan 11111111111111111111111111111111

-nan 11111111110000000000000000000000

x1 = 01111111110111111111111111111111

x2 = 11111111111111111111111111111111

-nan 11111111111111111111111111111111

-nan 11111111110111111111111111111111

x1 = 01111111101010001110011000111101

x2 = 11111111101110000000000000000000

-nan 11111111111110000000000000000000

-nan 11111111111010001110011000111101

x1 = 01111111101011100101100101001001

x2 = 11111111110000000000000000000000

-nan 11111111110000000000000000000000

-nan 11111111111011100101100101001001

x1 = 01111111101011101111100010100110

x2 = 11111111110111111111111111111111

-nan 11111111110111111111111111111111

-nan 11111111111011101111100010100110

x1 = 01111111101000110101011011000011

x2 = 11111111111111111111111111111111

-nan 11111111111111111111111111111111

-nan 11111111111000110101011011000011

x1 = 11111111100000000000000000000001

x2 = 01111111100000000000000000000001

nan 01111111110000000000000000000001

-nan 11111111110000000000000000000001

x1 = 11111111100000000000000000000001

x2 = 01111111100000000000000000000010

nan 01111111110000000000000000000010

-nan 11111111110000000000000000000001

x1 = 11111111100000000000000000000001

x2 = 01111111101110000000000000000000

nan 01111111111110000000000000000000

-nan 11111111110000000000000000000001

x1 = 11111111100000000000000000000001

x2 = 01111111110000000000000000000000

nan 01111111110000000000000000000000

-nan 11111111110000000000000000000001

x1 = 11111111100000000000000000000001

x2 = 01111111110111111111111111111111

nan 01111111110111111111111111111111

-nan 11111111110000000000000000000001

x1 = 11111111100000000000000000000001

x2 = 01111111111111111111111111111111

nan 01111111111111111111111111111111

-nan 11111111110000000000000000000001

x1 = 11111111100000000000000000000001

x2 = 01111111100110011101101010000010

nan 01111111110110011101101010000010

-nan 11111111110000000000000000000001

x1 = 11111111100000000000000000000010

x2 = 01111111100000000000000000000001

nan 01111111110000000000000000000001

-nan 11111111110000000000000000000001

x1 = 11111111100000000000000000000010

x2 = 01111111100000000000000000000010

nan 01111111110000000000000000000010

-nan 11111111110000000000000000000010

x1 = 11111111100000000000000000000010

x2 = 01111111101110000000000000000000

nan 01111111111110000000000000000000

-nan 11111111110000000000000000000010

x1 = 11111111100000000000000000000010

x2 = 01111111110000000000000000000000

nan 01111111110000000000000000000000

-nan 11111111110000000000000000000010

x1 = 11111111100000000000000000000010

x2 = 01111111110111111111111111111111

nan 01111111110111111111111111111111

-nan 11111111110000000000000000000010

x1 = 11111111100000000000000000000010

x2 = 01111111111111111111111111111111

nan 01111111111111111111111111111111

-nan 11111111110000000000000000000010

x1 = 11111111100000000000000000000010

x2 = 01111111100011110001011010000110

nan 01111111110011110001011010000110

-nan 11111111110000000000000000000010

x1 = 11111111101110000000000000000000

x2 = 01111111100000000000000000000001

nan 01111111110000000000000000000001

-nan 11111111110000000000000000000001

x1 = 11111111101110000000000000000000

x2 = 01111111100000000000000000000010

nan 01111111110000000000000000000010

-nan 11111111110000000000000000000010

x1 = 11111111101110000000000000000000

x2 = 01111111101110000000000000000000

nan 01111111111110000000000000000000

-nan 11111111111110000000000000000000

x1 = 11111111101110000000000000000000

x2 = 01111111110000000000000000000000

nan 01111111110000000000000000000000

-nan 11111111111110000000000000000000

x1 = 11111111101110000000000000000000

x2 = 01111111110111111111111111111111

nan 01111111110111111111111111111111

-nan 11111111111110000000000000000000

x1 = 11111111101110000000000000000000

x2 = 01111111111111111111111111111111

nan 01111111111111111111111111111111

-nan 11111111111110000000000000000000

x1 = 11111111101110000000000000000000

x2 = 01111111101111111010111000110100

nan 01111111111111111010111000110100

-nan 11111111111110000000000000000000

x1 = 11111111110000000000000000000000

x2 = 01111111100000000000000000000001

nan 01111111110000000000000000000001

-nan 11111111110000000000000000000001

x1 = 11111111110000000000000000000000

x2 = 01111111100000000000000000000010

nan 01111111110000000000000000000010

-nan 11111111110000000000000000000010

x1 = 11111111110000000000000000000000

x2 = 01111111101110000000000000000000

nan 01111111111110000000000000000000

-nan 11111111111110000000000000000000

x1 = 11111111110000000000000000000000

x2 = 01111111110000000000000000000000

nan 01111111110000000000000000000000

-nan 11111111110000000000000000000000

x1 = 11111111110000000000000000000000

x2 = 01111111110111111111111111111111

nan 01111111110111111111111111111111

-nan 11111111110000000000000000000000

x1 = 11111111110000000000000000000000

x2 = 01111111111111111111111111111111

nan 01111111111111111111111111111111

-nan 11111111110000000000000000000000

x1 = 11111111110000000000000000000000

x2 = 01111111100010101110010110111001

nan 01111111110010101110010110111001

-nan 11111111110010101110010110111001

x1 = 11111111110111111111111111111111

x2 = 01111111100000000000000000000001

nan 01111111110000000000000000000001

-nan 11111111110000000000000000000001

x1 = 11111111110111111111111111111111

x2 = 01111111100000000000000000000010

nan 01111111110000000000000000000010

-nan 11111111110000000000000000000010

x1 = 11111111110111111111111111111111

x2 = 01111111101110000000000000000000

nan 01111111111110000000000000000000

-nan 11111111111110000000000000000000

x1 = 11111111110111111111111111111111

x2 = 01111111110000000000000000000000

nan 01111111110000000000000000000000

-nan 11111111110000000000000000000000

x1 = 11111111110111111111111111111111

x2 = 01111111110111111111111111111111

nan 01111111110111111111111111111111

-nan 11111111110111111111111111111111

x1 = 11111111110111111111111111111111

x2 = 01111111111111111111111111111111

nan 01111111111111111111111111111111

-nan 11111111110111111111111111111111

x1 = 11111111110111111111111111111111

x2 = 01111111100111011001000101111010

nan 01111111110111011001000101111010

-nan 11111111110111011001000101111010

x1 = 11111111111111111111111111111111

x2 = 01111111100000000000000000000001

nan 01111111110000000000000000000001

-nan 11111111110000000000000000000001

x1 = 11111111111111111111111111111111

x2 = 01111111100000000000000000000010

nan 01111111110000000000000000000010

-nan 11111111110000000000000000000010

x1 = 11111111111111111111111111111111

x2 = 01111111101110000000000000000000

nan 01111111111110000000000000000000

-nan 11111111111110000000000000000000

x1 = 11111111111111111111111111111111

x2 = 01111111110000000000000000000000

nan 01111111110000000000000000000000

-nan 11111111110000000000000000000000

x1 = 11111111111111111111111111111111

x2 = 01111111110111111111111111111111

nan 01111111110111111111111111111111

-nan 11111111110111111111111111111111

x1 = 11111111111111111111111111111111

x2 = 01111111111111111111111111111111

nan 01111111111111111111111111111111

-nan 11111111111111111111111111111111

x1 = 11111111111111111111111111111111

x2 = 01111111100010100011010100100000

nan 01111111110010100011010100100000

-nan 11111111110010100011010100100000

x1 = 11111111101000101101000111000110

x2 = 01111111100000000000000000000001

nan 01111111110000000000000000000001

-nan 11111111110000000000000000000001

x1 = 11111111100011101011010010110111

x2 = 01111111100000000000000000000010

nan 01111111110000000000000000000010

-nan 11111111110000000000000000000010

x1 = 11111111101010110000101111010010

x2 = 01111111101110000000000000000000

nan 01111111111110000000000000000000

-nan 11111111111010110000101111010010

x1 = 11111111101000111010101000010011

x2 = 01111111110000000000000000000000

nan 01111111110000000000000000000000

-nan 11111111111000111010101000010011

x1 = 11111111100001001010010010111101

x2 = 01111111110111111111111111111111

nan 01111111110111111111111111111111

-nan 11111111110001001010010010111101

x1 = 11111111100100101110001110111010

x2 = 01111111111111111111111111111111

nan 01111111111111111111111111111111

-nan 11111111110100101110001110111010

x1 = 11111111101010101100011001001110

x2 = 01111111101000001011001110110101

nan 01111111111000001011001110110101

-nan 11111111111000001011001110110101

x1 = 11111111100000000000000000000001

x2 = 11111111100000000000000000000010

-nan 11111111110000000000000000000010

-nan 11111111110000000000000000000001

x1 = 11111111100000000000000000000001

x2 = 11111111101110000000000000000000

-nan 11111111111110000000000000000000

-nan 11111111110000000000000000000001

x1 = 11111111100000000000000000000001

x2 = 11111111110000000000000000000000

-nan 11111111110000000000000000000000

-nan 11111111110000000000000000000001

x1 = 11111111100000000000000000000001

x2 = 11111111110111111111111111111111

-nan 11111111110111111111111111111111

-nan 11111111110000000000000000000001

x1 = 11111111100000000000000000000001

x2 = 11111111111111111111111111111111

-nan 11111111111111111111111111111111

-nan 11111111110000000000000000000001

x1 = 11111111100000000000000000000001

x2 = 11111111100101101010001101110001

-nan 11111111110101101010001101110001

-nan 11111111110000000000000000000001

x1 = 11111111100000000000000000000010

x2 = 11111111101110000000000000000000

-nan 11111111111110000000000000000000

-nan 11111111110000000000000000000010

x1 = 11111111100000000000000000000010

x2 = 11111111110000000000000000000000

-nan 11111111110000000000000000000000

-nan 11111111110000000000000000000010

x1 = 11111111100000000000000000000010

x2 = 11111111110111111111111111111111

-nan 11111111110111111111111111111111

-nan 11111111110000000000000000000010

x1 = 11111111100000000000000000000010

x2 = 11111111111111111111111111111111

-nan 11111111111111111111111111111111

-nan 11111111110000000000000000000010

x1 = 11111111100000000000000000000010

x2 = 11111111100111101111101011111000

-nan 11111111110111101111101011111000

-nan 11111111110000000000000000000010

x1 = 11111111101110000000000000000000

x2 = 11111111110000000000000000000000

-nan 11111111110000000000000000000000

-nan 11111111111110000000000000000000

x1 = 11111111101110000000000000000000

x2 = 11111111110111111111111111111111

-nan 11111111110111111111111111111111

-nan 11111111111110000000000000000000

x1 = 11111111101110000000000000000000

x2 = 11111111111111111111111111111111

-nan 11111111111111111111111111111111

-nan 11111111111110000000000000000000

x1 = 11111111110000000000000000000000

x2 = 11111111110111111111111111111111

-nan 11111111110111111111111111111111

-nan 11111111110000000000000000000000

x1 = 11111111110000000000000000000000

x2 = 11111111111111111111111111111111

-nan 11111111111111111111111111111111

-nan 11111111110000000000000000000000

x1 = 11111111110111111111111111111111

x2 = 11111111111111111111111111111111

-nan 11111111111111111111111111111111

-nan 11111111110111111111111111111111

x1 = 11111111100110010100001111010001

x2 = 11111111101110000000000000000000

-nan 11111111111110000000000000000000

-nan 11111111110110010100001111010001

x1 = 11111111101111100010100110001011

x2 = 11111111110000000000000000000000

-nan 11111111110000000000000000000000

-nan 11111111111111100010100110001011

x1 = 11111111101011101001010111111000

x2 = 11111111110111111111111111111111

-nan 11111111110111111111111111111111

-nan 11111111111011101001010111111000

x1 = 11111111101000111001010010111000

x2 = 11111111111111111111111111111111

-nan 11111111111111111111111111111111

-nan 11111111111000111001010010111000

x1 = 11111111100000111000010100110110

x2 = 11111111100010111100110101001111

-nan 11111111110010111100110101001111

-nan 11111111110000111000010100110110

$finish called at time : 33601352 ns : File "/home/tansei/hardware/week8/test_fadd.sv" Line 141
run: Time (s): cpu = 00:00:00.05 ; elapsed = 00:01:00 . Memory (MB): peak = 966.312 ; gain = 0.000 ; free physical = 3028 ; free virtual = 28902
exit
INFO: [Common 17-206] Exiting xsim at Thu Jun  8 19:21:53 2017...
